cycle,count,mae,rmse
5,15,0.15249607099263066,0.1986981556546725
6,15,0.15150423413235953,0.1934079184660879
7,15,0.11973714390318031,0.1566139415601163
8,15,0.19649016190852364,0.24005720768766947
9,15,0.2413470383483458,0.2963934270914577
10,15,0.2099646771901731,0.2688865254846412
11,15,0.26751222420715487,0.32075755748932205
12,15,0.22052458549751097,0.2807685391743322
13,15,0.18589752852377517,0.2264045844456394
14,15,0.1653532633672205,0.21146118373403122
15,15,0.10664340310255006,0.12966961202818172
16,15,0.16799368526443256,0.19903873176141326
17,15,0.19758963586787162,0.2658785756091267
18,15,0.18809053870354814,0.22438539817341357
19,15,0.17056433228716184,0.20860992621196292
20,15,0.10728425719317766,0.1441583497806091
21,15,0.19454281921535937,0.2283952987987745
22,15,0.2209310048829626,0.271780616190523
23,15,0.15973956380441584,0.20253915042428183
24,15,0.1453499219181627,0.18279351502514316
25,15,0.16821907054309548,0.21173574146436275
26,15,0.29213857511619357,0.3354712073238102
27,15,0.17873954450505608,0.2234389795695703
28,15,0.15151583875642696,0.18203349028208063
29,15,0.18146828228471754,0.22103201623674912
30,15,0.12075823996323465,0.1446357723085986
31,15,0.12218024432325233,0.15174059096664155
32,15,0.13009231085794393,0.16096569754834125
33,15,0.17038310463475984,0.21952624884324098
34,15,0.25341134960953854,0.29302175116957896
35,15,0.3038766544077225,0.3900372173156909
36,15,0.26201190528556545,0.3543247763219566
37,15,0.2798793904347624,0.3379075248724721
38,15,0.257703585234866,0.3228184801366793
39,15,0.2572556004821642,0.3501062525737548
40,15,0.3384100454930245,0.40255755853602787
41,15,0.3828320631698406,0.44423500840163765
42,15,0.14873709394946738,0.18260375153204458
43,15,0.15874012846794783,0.19573938401790159
44,15,0.1678262809281844,0.20830955472595467
45,15,0.21758119208989032,0.2843899822408509
46,15,0.16680486736445904,0.22181319701500724
47,15,0.134803955257927,0.16988450388279433
48,15,0.13880180399126366,0.17408854200357587
49,15,0.11491649338401352,0.14584176073416888
50,15,0.11946897387749156,0.14886454429752363
51,15,0.14635998274797596,0.17590234120925327
52,15,0.10706023069409787,0.13705130761425033
53,15,0.19290836375857168,0.24736597692236004
54,15,0.12253021267777228,0.14642449733542337
55,15,0.11236068903025477,0.14459695013950535
56,15,0.13845341309200582,0.18090545839599956
57,15,0.13898651659767636,0.1902628488196568
58,15,0.2206537404271715,0.2919973581723238
59,15,0.21645657447033467,0.2635923376269187
60,15,0.171566339305273,0.22994426975287569
61,15,0.20346992754841584,0.23984800307120577
62,15,0.13458334318137277,0.16332595737017858
63,15,0.17803434672869403,0.2326259542511043
64,15,0.32499401538841394,0.4003025284432515
65,15,0.19562251273587516,0.2482117181165214
66,15,0.36263467887438866,0.5061566210236735
67,15,0.6390206328065784,0.7515876767130272
68,15,0.1318795634694246,0.16610449156396956
69,15,0.16344447715479538,0.1981759684465366
70,15,0.2778183791084281,0.38745468610532635
71,15,0.16384281636482922,0.20109261895367
72,15,0.278384792688854,0.3133848022471136
73,15,0.346530537452371,0.47639181886202087
74,15,0.1140806715408153,0.13687788319912844
75,15,0.1062458238071998,0.14354521151240843
76,15,0.1295330865320249,0.15759295280940616
77,15,0.1492674165099058,0.20037382795724004
78,15,0.14024606335442413,0.1765016783378194
79,15,0.09374384141624557,0.12040634928228318
80,15,0.08808048328313618,0.11156127048031513
81,15,0.1200785562212892,0.1634723457109671
82,15,0.15836462336647825,0.19457980628882407
83,15,0.16781743994875853,0.1958447681895763
84,15,0.12245090754337466,0.15520268560940625
85,15,0.12199378204566959,0.158698012159661
86,15,0.13152344755988776,0.15585678127904704
87,15,0.13038186118289463,0.17088596775719345
88,15,0.2548019280570063,0.33841293898360825
89,15,0.14998153346482926,0.18595117577036444
90,15,0.250552642654172,0.33562529323482426
91,15,0.1397802934339417,0.18776907807622503
92,15,0.1566444848413906,0.20745613519242156
93,15,0.22187074191732373,0.3055720313075475
94,15,0.18464230922770547,0.22999090726573063
95,15,0.15209918639335404,0.1945999608378323
96,15,0.29564911542274674,0.36992999069015653
97,15,0.1021110070171305,0.14611774362907812
98,15,0.10654913182816309,0.13525708677623668
99,15,0.1018590378717565,0.1263729379358229
100,15,0.1369244862887027,0.17211821401002672
101,15,0.0933703107362518,0.12505578604179104
102,15,0.21149006159853576,0.248478290115225
103,15,0.18083030905568534,0.2294681211751984
104,15,0.12174296921510427,0.1462551311727531
105,15,0.10217965698279267,0.1400635005433342
106,15,0.1080720444362412,0.140455986347793
107,15,0.30474583330569177,0.34695698204638425
108,15,0.1552049790928702,0.195962853203295
109,15,0.23342631281974516,0.2941814728993485
110,15,0.34712397235242437,0.4262812956833118
111,15,0.21447200610041825,0.2632611564895113
112,15,0.21327542965197102,0.26639086187148275
113,15,0.22540289818716508,0.2803747610357
114,15,0.19369774158159073,0.27317445672917773
115,15,0.16964628568989482,0.23607205170466627
116,15,0.20922034949356427,0.25322843440595827
117,15,0.13054723010959046,0.164689295700569
118,15,0.17717837956752036,0.21964767180807357
119,15,0.2581982900456678,0.32536305111165
120,15,0.6212187607860148,0.7966471442066798
121,15,0.5680742849853773,0.6717979888894747
122,15,0.6050017738867187,0.7682349580764812
123,15,0.5002870483276856,0.5819251579634124
124,15,0.42355325405676536,0.5058699991695136
125,15,0.5078459364887746,0.5869076644998258
126,15,0.3947777256725681,0.5452489139830072
127,15,0.5013781730422405,0.6435149133593444
128,15,0.1620415408236758,0.21018469458820893
129,15,0.1592748826820434,0.22736449242558138
130,15,0.10451903541105226,0.13182049599159362
131,15,0.16015588999586458,0.22240241470949423
132,15,0.29183821962500067,0.3623174364944308
133,15,0.4936586659466252,0.5963853393140761
134,15,0.4641377643483706,0.5573422713130342
135,15,0.46972142039351394,0.571843295008116
136,15,0.3505845166712714,0.41113539189071957
137,15,0.30726469052427346,0.37350524359404125
138,15,0.23615681235220046,0.3290085668694514
139,15,0.18470172959852016,0.23580259830649516
140,15,0.12581734639127562,0.16375928634096715
141,15,0.13032993687937686,0.17325810295193902
142,15,0.14800344747706798,0.1887701115202117
143,15,0.17896997161455483,0.24702656332975748
144,15,0.14662022667737323,0.19147273571001333
145,15,0.14080124602333555,0.18035615335442004
146,15,0.14157788850484943,0.17591130791049955
147,15,0.18214529912293126,0.21026891774925965
148,15,0.09630801750224291,0.12127469054131973
149,15,0.1264103635960651,0.1403698615224988
150,15,0.10527390193742031,0.1356522552011917
151,15,0.13755170431899993,0.16799306860688157
152,15,0.15055343180377234,0.20230805041259425
153,15,0.14900683401746806,0.196846659657395
154,15,0.17514193626937574,0.26730433835306094
155,15,0.2123286959903678,0.28655495342357884
156,15,0.1293938006699247,0.164662019941365
157,15,0.25907815734592754,0.3084679230110081
158,15,0.15315970103308213,0.22229609824552127
159,15,0.09549737590141784,0.12518350202583103
160,15,0.15332593967852404,0.20546989179870265
161,15,0.10661615116654521,0.13493368713355053
162,15,0.1251579994174873,0.15291789488396898
163,15,0.11496230778425023,0.1369699144279117
164,15,0.09774667098256903,0.12877578978231632
165,15,0.10337981883743474,0.13977645291050947
166,15,0.11451659931419535,0.1445489756049466
167,15,0.14784757041882163,0.17736479510268896
168,15,0.118897985658526,0.1471967825016647
169,15,0.10142585431944084,0.1277762633103544
170,15,0.11348085288657223,0.13463764287319963
171,15,0.11527250408536395,0.14183189639683663
172,15,0.1327218488153194,0.16989131105071836
173,15,0.11734500459184143,0.1463159403244422
174,15,0.11244868901776478,0.13814253722004005
175,15,0.10612122082845203,0.1285332151683359
176,15,0.09397589134696009,0.11916634508770614
177,15,0.10535924205561145,0.12403874612041467
178,15,0.09262996469943258,0.11545803171603436
179,15,0.09303128664898999,0.12030616154142956
180,15,0.08290344857019231,0.09951920336391698
181,15,0.0995318679014195,0.12392640986893806
182,15,0.11825091724725462,0.14118608081809103
183,15,0.10204739984552193,0.1272271036646011
184,15,0.08999511826435282,0.11690721552151805
185,15,0.0918422280737456,0.11886904046335486
186,15,0.12140537160792973,0.1552364926195733
187,15,0.12120113562684878,0.1615458901264786
188,15,0.1130552686942237,0.16515306150234016
189,15,0.10394245159663068,0.16200429301405284
190,15,0.13925893957897612,0.18695464077922339
191,15,0.18427317678281474,0.2431888003145625
192,15,0.12475679138468058,0.15620220626466957
193,15,0.11228694930032745,0.18421655223178207
194,15,0.14112919455264616,0.17790011535889716
195,15,0.11931453010791775,0.15750487938589935
196,15,0.1540919748359065,0.26033003523178977
197,15,0.24395892683007797,0.3863710560541671
198,15,0.16741687164867222,0.3278716542461165
199,15,0.21773077533831467,0.2712130522877113
200,15,0.26112272275646775,0.3347042513615879
201,15,0.3864880800788469,0.4620400594968029
202,15,0.5536200427045079,0.6471052240256625
203,15,0.4948328484481889,0.620903910479438
204,15,0.5465047780518718,0.618884682662121
205,15,0.5770032291043652,0.6791698589711911
206,15,0.6825079729092765,0.8247212677741881
207,15,0.540459142069984,0.689248436921875
208,15,0.7042451053612359,0.8161125661214019
209,15,0.5428232292603411,0.6644565873411856
210,15,0.6423664126286264,0.7575656480212053
211,15,0.8486472861588544,1.031967953804473
212,15,0.5404632672933202,0.6022897804610547
213,15,0.5391210134490723,0.682118638770489
214,15,0.7094014025803815,0.9082474234527308
215,15,0.6898473683416889,0.8322731395667404
216,15,0.530025491161528,0.6725706565185283
217,15,0.3605048527498374,0.4373956027116647
218,15,0.27827174647796715,0.32134420852122403
219,15,0.24600232322643867,0.30760455646929713
220,15,0.2006581021047453,0.2587707455591866
221,15,0.21242645849196082,0.2893152208751152
222,15,0.1969422215515464,0.2595720954132905
223,15,0.1486576386672244,0.18882614011347476
224,15,0.12788436954776297,0.16344275484021306
225,15,0.1422649387865873,0.1763307672940099
226,15,0.16728110465382223,0.216916428728584
227,15,0.16088209271811063,0.20481424168856516
228,15,0.28666522759208724,0.3589646110802741
229,15,0.5526526744473486,0.6941791289047033
230,15,0.6308870647302709,0.7270618269280799
231,15,0.580860466057377,0.704820721286435
232,15,0.9295434023483368,1.0620989482402532
233,15,0.7870063403203924,0.937633228427905
234,15,0.7915573703239586,0.904122712685325
235,15,0.6472140021752348,0.7694519395360822
236,15,0.5358766292367906,0.6318227025127359
237,15,0.5068116057926234,0.6130086418466146
238,15,0.4550229767944666,0.6338247592010011
239,15,0.5226053670610427,0.6919578226227707
240,15,0.3659369312769052,0.4397680726428617
241,15,0.36060408343838374,0.4394021756307106
242,15,0.6513672925087246,0.774987004724988
243,15,0.6562926227574429,0.7973737433541832
244,15,0.8363801154266511,0.9962952124972783
245,15,0.8900381806516814,1.0996216924327473
246,15,0.7156518334518902,0.8232482380125291
247,15,0.7019623424941548,0.8821615783141761
248,15,0.46915954365009827,0.5716934820760707
249,15,0.4841369912329774,0.5463968771804133
250,15,0.30341862479706105,0.39154493142880836
251,15,0.40957824655058234,0.4835298442389172
252,15,0.29194146406384913,0.38511952215467055
253,15,0.32326775893196164,0.3687487601982002
254,15,0.1914179136455216,0.22766509994308776
255,15,0.10294914327465468,0.12700710331640053
256,15,0.10535728517309599,0.13901453815251635
257,15,0.21905717756218243,0.2675269777824926
258,15,0.16956648215579515,0.1938912275118877
259,15,0.1247509571238694,0.15238114364724448
260,15,0.1546292836662414,0.19333986490429506
261,15,0.1994027018781823,0.2667484770283953
262,15,0.20882535564128707,0.2531479054652282
263,15,0.17020639395519632,0.21510731639862235
264,15,0.28176621917227446,0.3585318692864059
265,15,0.33572420495488536,0.43838670589146234
266,15,0.2664558003915698,0.33949179496534737
267,15,0.3057865941024603,0.3828100932473598
268,15,0.2362151019917082,0.29023055834582906
269,15,0.2091218765365627,0.2626598650581896
270,15,0.22938033445194841,0.2946055966989163
271,15,0.19138838954184073,0.24029827849243832
272,15,0.12320006153039637,0.1478559909902197
273,15,0.10320843527937981,0.12402939216362309
274,15,0.12057172169512242,0.15518094559659207
275,15,0.14768082645843372,0.18710542050986406
276,15,0.30611064542724153,0.3698096046994433
277,15,0.1293210400339936,0.18872624826582318
278,15,0.106925152775507,0.1415413059476778
279,15,0.12134865326242567,0.14629963797463963
280,15,0.154542781862161,0.19792419916042886
281,15,0.24614772919914005,0.2941481923731682
282,15,0.1442236402733759,0.19465817117100123
283,15,0.1417345479974846,0.18512065235937045
284,15,0.17151093952626228,0.19622519561808488
285,15,0.10595054572492692,0.12900593584366252
286,15,0.12684852764632956,0.15165701263369427
287,15,0.12702659230414695,0.15299366636570882
288,15,0.15348341451198017,0.19396565800549642
289,15,0.15389493133713997,0.19867114897562024
290,15,0.16861962092409952,0.21422584354906654
291,15,0.1496462638631446,0.172062501491841
292,15,0.11618623244867105,0.13686699456718218
293,15,0.09488027881968376,0.12308738481605615
294,15,0.09231863664278812,0.13062057895351142
295,15,0.12385383542741875,0.155736133150721
296,15,0.08658175923407752,0.1029272603894812
297,15,0.11889218413117927,0.14458121340936472
298,15,0.12808125051938793,0.16461819678076697
299,15,0.10867164860456689,0.14635324561674687
300,15,0.12389116324036817,0.15708528523930293
301,15,0.11019365543580252,0.14709375440719172
302,15,0.11780492612133082,0.1456454718808215
303,15,0.12785379566968694,0.160938198247929
304,15,0.10317738390590887,0.1321395172662165
305,15,0.09749411789045648,0.12706186940979955
306,15,0.11025962448180521,0.1385760286580524
307,15,0.10922952507053818,0.13930324503189437
308,15,0.13391875932732933,0.1664047980567058
309,15,0.2053784883640607,0.27111853400263486
310,15,0.16520074245467473,0.2100628193722293
311,15,0.22946291427464388,0.28214915032968224
312,15,0.3222975789240054,0.40198952015989886
313,15,0.7386459740865967,0.8882483559148767
314,15,0.3103064549563096,0.3969242636102883
315,15,0.19715879618890686,0.24373586835784386
316,15,0.2414756808769771,0.3141657951411916
317,15,0.22677223513834624,0.29752060106158584
318,15,0.19220923395687428,0.24599261879905568
319,15,0.2649263816934997,0.3419932072793821
320,15,0.18237182969668242,0.22802159899355484
321,15,0.13480085374059217,0.17349697678377524
322,15,0.12255763018235996,0.15833418314330874
323,15,0.14924922843394264,0.19943651789223535
324,15,0.12676258743272395,0.16782049501999324
325,15,0.13093639570751509,0.1675372806349552
326,15,0.1588072425719459,0.1999215185962677
327,15,0.38592733563930237,0.4782763977598576
328,15,0.21369923992585166,0.2792349699620239
329,15,0.18608811394926822,0.2233663597546056
330,15,0.14692462081458116,0.17921367058668788
331,15,0.15840349277078788,0.1900217740649341
332,15,0.30357245241997954,0.3837356368861503
333,15,0.45395562347751567,0.503562549261301
334,15,0.5878196481780719,0.7146576501507496
335,15,0.6984417351148436,0.8156359237052734
