cycle,count,mae,rmse
5,15,0.1647262881785998,0.20375121658760295
6,15,0.14581447215819748,0.17725871632084378
7,15,0.11909286798235161,0.15011826861801342
8,15,0.14395087594790293,0.18098669844291948
9,15,0.1902211047101591,0.24522819208687183
10,15,0.21133423871350715,0.2779639944071668
11,15,0.28116630133083315,0.3565030229597121
12,15,0.21053006131178217,0.29138527799787256
13,15,0.1567313617332188,0.2091926677259832
14,15,0.17260464180285606,0.21870526892696696
15,15,0.17575783010217977,0.2114524649042091
16,15,0.17894456356819702,0.21408351281323842
17,15,0.20550554865498616,0.2477859934978726
18,15,0.17136798396655273,0.20701289748842439
19,15,0.20736755930777317,0.23910123380757273
20,15,0.14885193931136784,0.18376679584724329
21,15,0.21234695986946284,0.24801927228656395
22,15,0.23772099809158098,0.2814439192932803
23,15,0.18115633061923456,0.20803988343966653
24,15,0.15523350942652697,0.18476689542253535
25,15,0.15889107365906627,0.19077236980737927
26,15,0.2655649246798763,0.3348218201978857
27,15,0.17792269433123817,0.23485249367660982
28,15,0.13189500139979135,0.170960721287003
29,15,0.3221964235531885,0.36765491604600004
30,15,0.1333936736071196,0.16885166950249092
31,15,0.13434386347825555,0.15593796395670512
32,15,0.15169114924128033,0.18750137461555105
33,15,0.16917879024004404,0.21278565555834764
34,15,0.24150920800996373,0.2955451058331632
35,15,0.3408016749473325,0.4066800670274108
36,15,0.26766032417503555,0.3519564264421906
37,15,0.2754024068050464,0.36854842876768074
38,15,0.2649597422012805,0.3328824952864342
39,15,0.2502118184210691,0.3490448740011585
40,15,0.32969363891580633,0.3924621818274124
41,15,0.35508885878073054,0.45215109154815525
42,15,0.1354205562985483,0.16349283517808091
43,15,0.14360092210132688,0.1780361874892081
44,15,0.192784767772263,0.23207150145577102
45,15,0.18705855322573497,0.2507568330191555
46,15,0.13113813233250704,0.16991090246917487
47,15,0.14790735679652628,0.18707764660784443
48,15,0.105218136519812,0.13990194641481177
49,15,0.1579070147708365,0.19036998971659702
50,15,0.12190608989180836,0.1586347982922965
51,15,0.13360556869339105,0.17289559549982444
52,15,0.10250335503983746,0.12531108550346395
53,15,0.18187241098144316,0.24925321577017487
54,15,0.1305606034025999,0.16730542310981095
55,15,0.10273761454706139,0.12904254019563335
56,15,0.14653902714443764,0.18499701486202597
57,15,0.11430072458621028,0.14465508346580325
58,15,0.22477767155265893,0.30281460912099484
59,15,0.22945085028784556,0.29154075068853197
60,15,0.14823457110157148,0.20361155206345988
61,15,0.15110223700642733,0.18920918727848277
62,15,0.12743131112480996,0.16562158271761626
63,15,0.18637667860103935,0.25198458939019713
64,15,0.2712783840487424,0.3451728532915436
65,15,0.2651003532941885,0.33117913051820574
66,15,0.34433938906594125,0.47613192484801226
67,15,0.5946419222063287,0.705082159237191
68,15,0.128296935236864,0.16652057800730646
69,15,0.23173547970266248,0.2755160851175594
70,15,0.2719436544110447,0.38115381830018535
71,15,0.19987674202858005,0.255598461035128
72,15,0.14078869765959268,0.1701205383036206
73,15,0.5078910278665358,0.5730362398385013
74,15,0.1282046950573797,0.16240156089288868
75,15,0.11436669422549418,0.15382225431338845
76,15,0.11038247913414481,0.1398750758411219
77,15,0.12910582901368836,0.175888667433681
78,15,0.11696737398532667,0.14622124714925389
79,15,0.10318234473296281,0.13211071976813943
80,15,0.09220448763468654,0.11170974542866703
81,15,0.11127967639552351,0.143846272701011
82,15,0.1293715041641568,0.15785143823352749
83,15,0.14072965954361605,0.18600778785144204
84,15,0.13833504417482523,0.17092596499307555
85,15,0.11536440899981579,0.15096560767583914
86,15,0.16155266703255453,0.19820946713246199
87,15,0.1605098612952371,0.1969540229293513
88,15,0.25885662951505134,0.3526435838490671
89,15,0.16488334897307788,0.20640165744703223
90,15,0.2722301228987759,0.35481081658760316
91,15,0.1336376232073745,0.1698423501960068
92,15,0.18190837415817054,0.23601745210833613
93,15,0.2206227969739181,0.2719663500361608
94,15,0.11968514033014799,0.15064832529770528
95,15,0.2001438909568067,0.24144310124678586
96,15,0.31730171897352244,0.4133764753115744
97,15,0.10768835075303194,0.14984286239458447
98,15,0.09640984867559502,0.11997291863306951
99,15,0.108569341246333,0.14141576411526668
100,15,0.11831465843847398,0.16130819806372937
101,15,0.13693206257934779,0.16506002788460217
102,15,0.1382590859225399,0.16723754114661
103,15,0.24240380422742147,0.29222869049647693
104,15,0.18011177805751233,0.21565640024224436
105,15,0.15133709690821745,0.19407855038583194
106,15,0.16913610583062175,0.20977715102021238
107,15,0.12307745634958325,0.15086873843571963
108,15,0.16988890902989895,0.21392610860658462
109,15,0.23288804980412559,0.28470586654245406
110,15,0.25516696856227156,0.33094940740174705
111,15,0.2877650841898303,0.3522907693845192
112,15,0.1993543676407471,0.24132648868700388
113,15,0.236916250918715,0.3255919235232051
114,15,0.1542623581172654,0.21397098733334122
115,15,0.19120274767733741,0.23155688883576644
116,15,0.15141636912681564,0.20239506202047103
117,15,0.15877916747217577,0.20514180654497105
118,15,0.16130256562558862,0.2143045283414843
119,15,0.2599006765184921,0.31810187122505595
120,15,0.6855820035398902,0.8776663693071421
121,15,0.5402357311692414,0.6304082239510632
122,15,0.6670024366424354,0.823441387537238
123,15,0.48973456855320213,0.5790348449405311
124,15,0.4229884928855582,0.5290325990584511
125,15,0.5798079152390104,0.683139692800367
126,15,0.43931959165541573,0.5906816556430357
127,15,0.5366250646452059,0.6548746361784819
128,15,0.16729778623361427,0.2084530762302812
129,15,0.1466429045100498,0.2300552825722369
130,15,0.11369329434521662,0.14660986616104008
131,15,0.16441352057207273,0.208609615804111
132,15,0.37137465283769716,0.43669261673698107
133,15,0.5058275086733861,0.5947825556143054
134,15,0.6612388132361112,0.7783678253928176
135,15,0.47210119485364815,0.5660128322875871
136,15,0.35357221386190785,0.417024625509119
137,15,0.2866718776782669,0.38799907453044263
138,15,0.2686221343477681,0.36052412186679955
139,15,0.17159118543677662,0.21766812193422283
140,15,0.11386268527295931,0.1472831183580327
141,15,0.1405948262089551,0.19140375782503632
142,15,0.1330589548331022,0.1775132587806202
143,15,0.1641395016807934,0.2380059678815955
144,15,0.11979964461549233,0.16695444216529265
145,15,0.12868653153385634,0.17218758555635402
146,15,0.10153706698062694,0.13247811325890976
147,15,0.10682403209333409,0.1339918469348264
148,15,0.1252732373204148,0.16142329764084082
149,15,0.09944563551542643,0.14324136183758857
150,15,0.09689802583346573,0.12710654436482346
151,15,0.09978984609578197,0.12553239466789073
152,15,0.13258518481725395,0.16540571868609624
153,15,0.15833999486271194,0.2172423579485205
154,15,0.16203991716997554,0.2511610040902181
155,15,0.19047719661717402,0.2781684671366603
156,15,0.13474474574613138,0.17297982068312837
157,15,0.2731933111606815,0.3330252083905093
158,15,0.16265094705464658,0.23875266769737932
159,15,0.09859136393424453,0.12968294645549203
160,15,0.1396445460330156,0.16960010956427665
161,15,0.11313801972551205,0.14559225092504538
162,15,0.11631706675702444,0.14607230429680595
163,15,0.10313955224760053,0.12505513870452156
164,15,0.10970141289974192,0.1506023699961865
165,15,0.13472049363936972,0.18299667220505683
166,15,0.1161213428556335,0.17141088516117353
167,15,0.12999976852598505,0.15590595637678112
168,15,0.14649400000037235,0.1769821975081941
169,15,0.10610443072396801,0.13677495464218545
170,15,0.16277015272114578,0.20524443286512783
171,15,0.09883305778510791,0.1203688132342117
172,15,0.1315615668907871,0.16643079156627252
173,15,0.15110907376324328,0.1812917648239319
174,15,0.1160725148772127,0.14252632171922386
175,15,0.13488983801855908,0.16759293897674718
176,15,0.11541228077265765,0.14642857343113266
177,15,0.10003294924088836,0.1304759061534765
178,15,0.0886926935399389,0.12227432670261161
179,15,0.09057538272499967,0.11301546963319455
180,15,0.07941539146844498,0.0998920490171931
181,15,0.10094358495497348,0.12409567957553681
182,15,0.09765481070904142,0.13787357578466286
183,15,0.07722008569227629,0.10813353429712227
184,15,0.08920960472829657,0.12149768864860612
185,15,0.0892808695359461,0.1161354915400344
186,15,0.10553729733797114,0.1475850291714713
187,15,0.13063405917068172,0.18375512896201027
188,15,0.187656374870544,0.21893122407049456
189,15,0.11127178712835335,0.17534371045037975
190,15,0.12514301363957234,0.17681319657627872
191,15,0.1562833586406668,0.22540503947753338
192,15,0.12678738636834927,0.21357561533882546
193,15,0.14096954360330302,0.19780977716184162
194,15,0.13625580092082915,0.16164437206846874
195,15,0.11867506289343799,0.14956262270979082
196,15,0.1493493536544742,0.23542116776605362
197,15,0.35639285770913415,0.40249282124100255
198,15,0.18659881757827196,0.32737397157243714
199,15,0.1695621945963209,0.24305474422388576
200,15,0.2684588089525415,0.36812395654704455
201,15,0.4262676771295248,0.5623877185202676
202,15,0.5171266196858897,0.612330508402662
203,15,0.6190328807600309,0.7058756457179042
204,15,0.4549689699588739,0.6228092753228132
205,15,0.6340732557191449,0.7310211902611939
206,15,0.5721369423722298,0.7296968093632286
207,15,0.5353032621559115,0.6261510158260535
208,15,0.64827432700032,0.7365039811144698
209,15,0.49732076679831083,0.6251997871896899
210,15,0.6750295595524984,0.8391004783936802
211,15,1.0291544395075278,1.2613065858808403
212,15,0.5050951271436351,0.6269567899591229
213,15,0.5515468796664352,0.6835176425861709
214,15,0.5688922798889019,0.8651147558511022
215,15,0.760732157346813,0.9838158898200516
216,15,0.46872145911338753,0.5708048913339833
217,15,0.4184090177523482,0.5238656997388774
218,15,0.25430193926350236,0.3177677371322017
219,15,0.2193606965208854,0.28628668821203257
220,15,0.17494455738940273,0.230892931345335
221,15,0.2315904009941935,0.3101752582647715
222,15,0.22545916477587172,0.287888389801622
223,15,0.13457938512790535,0.17725180690876818
224,15,0.1223660081289492,0.16007836126774685
225,15,0.15126452971852114,0.1882934219283163
226,15,0.1572311466162145,0.195211548402579
227,15,0.15094223227043924,0.2012690177772656
228,15,0.3987096614848271,0.4717129338458146
229,15,0.5207419635173592,0.6382581024180687
230,15,0.6128426848866234,0.7232074299855205
231,15,0.5521864465306273,0.6491182649224105
232,15,0.9379844703846818,1.1498042194034994
233,15,0.8705853406574664,1.0868921923487402
234,15,0.7967221840044768,0.953539448097443
235,15,0.7479032982241387,0.8577869413950483
236,15,0.5611325472546972,0.6702649286651652
237,15,0.4882520426979761,0.6135665087463189
238,15,0.4112261236444652,0.5165009131782319
239,15,0.49762307938610045,0.6386447723570187
240,15,0.33228411665395197,0.42370717035096195
241,15,0.3943333128169761,0.49646230547302406
242,15,0.5624673133988521,0.710457175732043
243,15,0.5927111613244486,0.7154449923895527
244,15,0.7419884562759262,0.910933149732538
245,15,0.7793902027354627,0.9488902730672403
246,15,0.8212722683420425,1.0205149684070414
247,15,0.6120571750547928,0.7623713280390728
248,15,0.5772683795756367,0.6939554746986922
249,15,0.5204400226445395,0.5835386869061273
250,15,0.35602669749789384,0.44838511054934
251,15,0.45558459732268775,0.5422384208465951
252,15,0.2967664058885637,0.38045303186091145
253,15,0.32058380841616435,0.3730724848262371
254,15,0.20168581339516145,0.2402708586648347
255,15,0.11479707010405998,0.14611281664912495
256,15,0.11488263179313743,0.15516265791872297
257,15,0.18587319235906788,0.25673113581241025
258,15,0.17333433685062,0.22426801350896095
259,15,0.09816192017020822,0.1322992014081338
260,15,0.16368380916774,0.197303036153971
261,15,0.2402679064956632,0.2921396682519546
262,15,0.1961272325048456,0.25923511840606656
263,15,0.21120534193934687,0.24794272420864066
264,15,0.2749677038494921,0.37591163523539894
265,15,0.31987765517597255,0.39505320560453105
266,15,0.3506683044830455,0.42814975037511244
267,15,0.2999097027909355,0.3836481606732944
268,15,0.25810779311513815,0.3136835484411456
269,15,0.2264488764910317,0.27312636207239843
270,15,0.226659749007209,0.28587837686946005
271,15,0.16505587911900185,0.21451979065055635
272,15,0.16315218682560187,0.19914991133596355
273,15,0.11913232185462841,0.15463515470153325
274,15,0.11550631260143057,0.15319284758656782
275,15,0.14356454928153356,0.19524428657669554
276,15,0.3027527033375906,0.3782401095855651
277,15,0.13168626800567393,0.1815674283876701
278,15,0.09284754340858706,0.12162612169323889
279,15,0.11358808570482362,0.14753287816966032
280,15,0.15135044592635924,0.19594585498508452
281,15,0.16458868848596953,0.21938105710278483
282,15,0.1474093300473854,0.19103356831948431
283,15,0.17218640262300178,0.22091965671381777
284,15,0.1428976893621425,0.17063835950585438
285,15,0.1422708416034876,0.1829561918253731
286,15,0.1327354202804841,0.1663969691840629
287,15,0.11020729681928496,0.14955739426421533
288,15,0.13720480580549663,0.1744118010548571
289,15,0.14836016204831162,0.19476489330144955
290,15,0.1933249369069711,0.23729323395454505
291,15,0.13542007963088845,0.17111087020402027
292,15,0.1130904333702795,0.1387031796615288
293,15,0.09994822913810687,0.14708706500991192
294,15,0.12196808283830865,0.15047476316864808
295,15,0.15533467536871887,0.18686091284259174
296,15,0.08939421500802572,0.1109096945500533
297,15,0.11823493048096491,0.1429575299224708
298,15,0.1252475236187266,0.15960637502746078
299,15,0.09696649737948371,0.14219812375683907
300,15,0.12162080027140611,0.15476718800469347
301,15,0.12997623331148006,0.16414763588807352
302,15,0.15951950972877987,0.18275827913206927
303,15,0.10896672835419588,0.13462470127542397
304,15,0.11928983507916363,0.15295968600320345
305,15,0.1083648058280641,0.1409187255996606
306,15,0.1170364932485263,0.15708090025962518
307,15,0.11890695125153415,0.16477286809668265
308,15,0.13071521915866893,0.15908999397335005
309,15,0.2498711102697492,0.31114530845959637
310,15,0.17467348795016635,0.21186065273768842
311,15,0.23409545735603332,0.29351168174493025
312,15,0.3112106078238622,0.391401637924601
313,15,0.47319590114068805,0.5978908734353674
314,15,0.2559917670768613,0.31940487915172805
315,15,0.2478094228980152,0.311662559252432
316,15,0.24687157849738392,0.3235047854577319
317,15,0.2559056465991309,0.31917708324789257
318,15,0.21361781754178216,0.25921565194226587
319,15,0.2818892871954264,0.35055523421367824
320,15,0.1960626355329508,0.24916237527612367
321,15,0.12768368560735976,0.16682608371908622
322,15,0.1712058035585888,0.21462489373830146
323,15,0.16225461348519082,0.20955520751899184
324,15,0.1497296537047445,0.18746350444748536
325,15,0.13173694354500495,0.1735560915776683
326,15,0.1757009124285517,0.2284978002840889
327,15,0.3937633570290737,0.4750865674633516
328,15,0.23094772249703,0.3011294496890414
329,15,0.1827689361596424,0.22068849462571957
330,15,0.16414028692047247,0.19289767436059152
331,15,0.14022904157360777,0.17261779518992432
332,15,0.318631941432624,0.36900814089062606
333,15,0.460461063999477,0.5192154214096021
334,15,0.5752315316694275,0.679372083396574
335,15,0.6989905354550096,0.8376563879201205
