cycle,count,mae,rmse
5,15,0.15559076737712732,0.19107992017569786
6,15,0.1269104197433362,0.16001735633830405
7,15,0.13289806173122548,0.17920421179177803
8,15,0.15873082243019865,0.1992683209604528
9,15,0.1988633779191238,0.25620002824715027
10,15,0.20249205011121651,0.2513135347657147
11,15,0.29369208816589126,0.36383509465894726
12,15,0.23177758624675573,0.2923609197510832
13,15,0.15291896544373043,0.1944886422370717
14,15,0.15638305785048084,0.2008572240936706
15,15,0.16514018664670416,0.20635987643190346
16,15,0.15533225559786912,0.19334823865382503
17,15,0.2394118786064061,0.28593476758924624
18,15,0.175249801052636,0.2156399249712135
19,15,0.16326788346832774,0.20135744640705394
20,15,0.13072899870801694,0.17055188825299958
21,15,0.17180607758508343,0.19329681127930382
22,15,0.17332643063867187,0.22795715270716294
23,15,0.1704410677999172,0.20536704451355822
24,15,0.14497839465291626,0.18149176916704376
25,15,0.17965125647917282,0.21157978455999427
26,15,0.2839845505723417,0.36169274664207063
27,15,0.1800692175860715,0.22062087958312257
28,15,0.13554402824476694,0.16289183536534999
29,15,0.2473166458239231,0.2928266779575871
30,15,0.13935434950977255,0.1694306718177951
31,15,0.12986215745723403,0.15759200473742196
32,15,0.1111938139696522,0.140091516734232
33,15,0.176311304111868,0.21792598595923474
34,15,0.20440862203089108,0.27556336263015296
35,15,0.2963845866923287,0.3691110485750184
36,15,0.28106349836133626,0.415327579060692
37,15,0.284757778009698,0.37282704305141207
38,15,0.2538884043330116,0.3425814233617813
39,15,0.2692997902632481,0.3707257011669983
40,15,0.33345611502491496,0.4052743086962064
41,15,0.3562901990561264,0.44799961230496277
42,15,0.16925712052673983,0.2081904162540488
43,15,0.16081910928051416,0.18884329562803223
44,15,0.18534141287745207,0.23598358941033437
45,15,0.24031671745740324,0.27489729218321274
46,15,0.14465546208723717,0.1947719060829077
47,15,0.1565939269231349,0.20932815753922285
48,15,0.1257253404708314,0.15968436023544358
49,15,0.12062892058705706,0.15226070004015227
50,15,0.12888758399922,0.1641036797788285
51,15,0.15422342290521204,0.190888212426245
52,15,0.1557827498775282,0.19368383918255927
53,15,0.17376594700503095,0.2227607416474679
54,15,0.10914350272313472,0.14097957736652494
55,15,0.14560017886217563,0.1730581650357776
56,15,0.12291117281416972,0.15947705861021585
57,15,0.1527651840920299,0.19530518076940315
58,15,0.19166966295197393,0.24254415565360798
59,15,0.22897199725920173,0.2575190667113194
60,15,0.12116928718271082,0.14800487633594203
61,15,0.16920477059225247,0.20681736933711353
62,15,0.15792640122064927,0.20465234408004448
63,15,0.1800760345323754,0.2449861856039309
64,15,0.31428279029091194,0.37950315659306205
65,15,0.16129674998221857,0.21962908218329016
66,15,0.34386557637108095,0.48317013141483056
67,15,0.7117792166186435,0.8061174773138637
68,15,0.171187227846193,0.20810291397369457
69,15,0.19346794177746776,0.2390422268622067
70,15,0.2796938579598749,0.40475196982645717
71,15,0.18031264143366857,0.2171015447644924
72,15,0.16709237530998702,0.20116495178051963
73,15,0.3620251543989571,0.45258509591084095
74,15,0.10734213628220945,0.13836514279057605
75,15,0.15586618197064178,0.1755354948382209
76,15,0.1315501361553256,0.16968219837455248
77,15,0.15776380832545106,0.20983724288960123
78,15,0.13229401780786737,0.16312726545709533
79,15,0.09555498606173604,0.12348739461772906
80,15,0.09044655531803134,0.1122644616064226
81,15,0.11168130260687781,0.14729230608832128
82,15,0.1202028683410743,0.15375527848970627
83,15,0.15503561791248377,0.18223105353097765
84,15,0.13635218061611723,0.17579037641760337
85,15,0.10321870003330931,0.1316633625568627
86,15,0.11719911556713822,0.1485794261808647
87,15,0.12282255972137499,0.15887448410071742
88,15,0.2555900273906638,0.36173147033798414
89,15,0.2048938093280285,0.24180831266611794
90,15,0.2624132923973538,0.33882757427944543
91,15,0.15110642886263795,0.22298955518804592
92,15,0.16968056800626313,0.22961226406080826
93,15,0.23387478428217615,0.29924358363906245
94,15,0.12386405512841774,0.15443753111472858
95,15,0.1915351316461204,0.24019597527740455
96,15,0.36241855879951346,0.43626249750389684
97,15,0.11165748610670144,0.15158764045057982
98,15,0.10622863674519264,0.13690245946985125
99,15,0.0905153061975953,0.11579464503111438
100,15,0.12957601506481256,0.16336720299602234
101,15,0.17111710819330714,0.20352216810977675
102,15,0.1299089165941068,0.1573516697585896
103,15,0.18071366767841185,0.22320087077282055
104,15,0.16181286142549842,0.19530617450113513
105,15,0.11801286700988878,0.14667786004282246
106,15,0.09266961449642275,0.11484482005145605
107,15,0.12974627381818418,0.1553456852967303
108,15,0.1895202420357787,0.23189478083944404
109,15,0.22020556793800444,0.270351587109934
110,15,0.24027965793629744,0.3177833973449877
111,15,0.1564368397355129,0.19617110537601526
112,15,0.30988916009304035,0.36141729424542024
113,15,0.21594141844830667,0.26241304028091506
114,15,0.19674107269681537,0.29300905724729315
115,15,0.16839078679794633,0.23668585775066214
116,15,0.13974852197597315,0.1863828143542625
117,15,0.138420830252417,0.1743914677489939
118,15,0.17816253931357606,0.22524799698725395
119,15,0.2594810786977042,0.31291724837491325
120,15,0.6001725809551046,0.7397044584563042
121,15,0.5506891718581872,0.6676982106787991
122,15,0.8128706767034949,1.020156772202747
123,15,0.5386293655760178,0.679827323095115
124,15,0.42701900659903774,0.5343728230475487
125,15,0.4985335922395723,0.6042732599359799
126,15,0.5616381420133707,0.6836713646922429
127,15,0.4788330570386806,0.6074878150233353
128,15,0.1741777345429912,0.21036775491988102
129,15,0.1581209067346197,0.22479633756288722
130,15,0.14338314807620933,0.18571320019941656
131,15,0.16739034712908477,0.22528673486767628
132,15,0.2967272897028082,0.3585481600967195
133,15,0.5442697916130987,0.6333089827185188
134,15,0.45037137427667895,0.568530325560044
135,15,0.49704535905306113,0.5920367441864818
136,15,0.3809850243282992,0.42954128528091473
137,15,0.2899786290385092,0.3530298104670599
138,15,0.20549495915758778,0.2824852356576735
139,15,0.1910811291631023,0.2491149064874252
140,15,0.1237085873303667,0.15002518989865343
141,15,0.1351985021148553,0.16594440411929554
142,15,0.15449593347665547,0.19760292582847747
143,15,0.1698699458909217,0.23972081828789152
144,15,0.0992771610314751,0.12804748454974743
145,15,0.14357020555003236,0.18817937732700704
146,15,0.10976084998802324,0.13040533252991132
147,15,0.09514390026837667,0.11851580333626159
148,15,0.10335174824730688,0.1304047347044786
149,15,0.09031649519935304,0.12220433496673613
150,15,0.07829346400743607,0.10334434241261417
151,15,0.1535302341347251,0.18119874345006384
152,15,0.13372333521062937,0.16021669483140505
153,15,0.1840902947362122,0.2430622741525141
154,15,0.1769270024691937,0.2639404160355743
155,15,0.23720193461576805,0.3383961705520969
156,15,0.1039893118982342,0.13531510843364744
157,15,0.2565011619152037,0.30826009047767394
158,15,0.1740063897102099,0.24767228515762743
159,15,0.10167205515218289,0.12991628850052028
160,15,0.1443985270784939,0.18082074630741765
161,15,0.10149820545588806,0.13363612064856517
162,15,0.135552434492606,0.1639185786862226
163,15,0.118341179401539,0.13773078916754855
164,15,0.10460112357872499,0.13133825232241886
165,15,0.1046321684934502,0.14104986025500313
166,15,0.12319157220912229,0.16484208636000267
167,15,0.12152893037114766,0.15280694165231193
168,15,0.11989614599605489,0.14843592879214657
169,15,0.1217235616350408,0.14492791356076656
170,15,0.10495367032721031,0.1308269474028823
171,15,0.11148358526400051,0.13371104367024084
172,15,0.13522791314815102,0.16779950840447339
173,15,0.12837897508225568,0.15365273514757682
174,15,0.16395580464675988,0.19703640348504795
175,15,0.11268778320195949,0.13831064913500413
176,15,0.14046413661217483,0.16466830868117074
177,15,0.1329610764334848,0.15961139187510903
178,15,0.07895471116997183,0.09882126798142857
179,15,0.09348292691729991,0.11424405600851407
180,15,0.1036154699545048,0.13305706126751182
181,15,0.11242320877730597,0.1442698797592468
182,15,0.11352473609925531,0.1416380181129701
183,15,0.09491386671646854,0.12129511773712347
184,15,0.08815295349884457,0.1173944565053657
185,15,0.08394855834305497,0.10621118592608193
186,15,0.13043473317256682,0.15770837339088936
187,15,0.18730009618822346,0.21488846957125612
188,15,0.12911240799221085,0.16394982036046316
189,15,0.10354789611592366,0.13255476617095044
190,15,0.1329605656811127,0.20628390257635157
191,15,0.14786892134811214,0.2323797083406458
192,15,0.16101007743631188,0.20816821398023108
193,15,0.13547291980765172,0.18305021656070422
194,15,0.1302836653566595,0.17059626554499407
195,15,0.10859710331174317,0.1388396466055367
196,15,0.170226799738451,0.2382382627433035
197,15,0.26280117446411827,0.35403428370786616
198,15,0.1740828438425183,0.27098861857588624
199,15,0.2079998956119292,0.2536320535527519
200,15,0.2503104210205028,0.33059923659026835
201,15,0.4329545883758597,0.5308932838844856
202,15,0.5178276442583939,0.6338074905339639
203,15,0.560285909214038,0.6477015502124281
204,15,0.4544624593620702,0.5669576638227762
205,15,0.612343005728605,0.7149739276541248
206,15,0.6799786037040018,0.8217592856996857
207,15,0.5602354749738946,0.7029207774119526
208,15,0.6249332228336545,0.7449660518652068
209,15,0.5477763968720566,0.6788166570574575
210,15,0.6053167414648676,0.7217405476069737
211,15,0.9535461340802207,1.163834001632718
212,15,0.527719092597522,0.5953558063272967
213,15,0.5434556580653457,0.6931829404419401
214,15,0.7001751227637208,0.9187000638438962
215,15,0.6480177835878534,0.9264219907381847
216,15,0.5776705086016012,0.7181793138926684
217,15,0.40003593776454877,0.48982411072893955
218,15,0.27101129830996873,0.3395033533121261
219,15,0.22396668561777633,0.2994525589590284
220,15,0.18555192465386408,0.23484939589085072
221,15,0.22311503016343745,0.2958456016377346
222,15,0.20221813921383602,0.2620201818990357
223,15,0.1491320677097832,0.18135214326702429
224,15,0.12577096084158879,0.16216569377663811
225,15,0.14193722259502445,0.176834537345175
226,15,0.15810837793624993,0.19627508077285666
227,15,0.17630702920768626,0.22853888465732317
228,15,0.30377965795504014,0.40004486452788357
229,15,0.6643980726141947,0.8331832561044155
230,15,0.5598173586756553,0.6685412747320792
231,15,0.5277409217076628,0.6224916213083453
232,15,0.8853389975954162,1.0356599060332528
233,15,0.8752154697748584,1.0939756914564565
234,15,0.8380715166050635,1.032360396942265
235,15,0.6757126774824618,0.7972183743310037
236,15,0.5846029248911833,0.694022353116617
237,15,0.5030785368373093,0.6018986933763388
238,15,0.46213368044878883,0.5896497136415113
239,15,0.5337326333457341,0.6349860672779467
240,15,0.3843513797905563,0.4759066388016135
241,15,0.3681189238553826,0.4587874895073202
242,15,0.6603537494838132,0.8745876913668995
243,15,0.7585841141519043,0.9235570607492138
244,15,1.0876950043767004,1.2320216598488547
245,15,0.928495832502041,1.0563387429560531
246,15,0.5589190319137421,0.7074376280666127
247,15,0.8396805794536047,1.0220075962211699
248,15,0.5011406450766629,0.607468767542119
249,15,0.5086967278494756,0.6493992841508714
250,15,0.4012129044812458,0.48371880877110435
251,15,0.4688952933484118,0.5584475499128937
252,15,0.2750934881116065,0.34303652974415805
253,15,0.3162804212432897,0.37318643553751457
254,15,0.22008621964485836,0.3013577622602141
255,15,0.10274126615361591,0.13288001078353157
256,15,0.1332654758339183,0.1765042372471573
257,15,0.31166907811284594,0.3494506071479219
258,15,0.12665185334764162,0.16897043732537353
259,15,0.15455960126109614,0.17899238828738326
260,15,0.1624652721014595,0.19977887758524052
261,15,0.14794521723422296,0.1837035867965628
262,15,0.18040617307334508,0.22795231437278254
263,15,0.18577450549514474,0.2209519539336031
264,15,0.41502449449646805,0.49055478664365915
265,15,0.3283001748335518,0.41155619912621727
266,15,0.3056079080598164,0.3798802650091553
267,15,0.28465293136957104,0.3704203061561837
268,15,0.2330911856575681,0.29799020535219467
269,15,0.24699915419815835,0.2995766491879832
270,15,0.21405337601574703,0.2652223533747654
271,15,0.16852404415589076,0.21477829047437458
272,15,0.143529792159222,0.1772993163634963
273,15,0.11287803872871927,0.14221908189111251
274,15,0.20439235833472724,0.24263709602845365
275,15,0.13357793657075245,0.18577656685659205
276,15,0.4090214934847555,0.4656212338429195
277,15,0.13129164513132788,0.18908691382777842
278,15,0.10864189069062119,0.13449908411137082
279,15,0.11799357936527712,0.1439709437519512
280,15,0.15565437851479977,0.1968130038782077
281,15,0.16048307389171673,0.2119482239097352
282,15,0.14055920370092237,0.19043944323910758
283,15,0.1253900159834195,0.1634365286696582
284,15,0.15184809057203222,0.17969992346447103
285,15,0.11375391891891373,0.14263677482279916
286,15,0.14781104401098052,0.18880748191505622
287,15,0.1381469344275146,0.1662167069244288
288,15,0.11358459829506336,0.15171785023602488
289,15,0.13509490987527076,0.17770304307165902
290,15,0.16125665099834605,0.2115019246312317
291,15,0.12163086489312747,0.14554655641272193
292,15,0.08922581598249545,0.12193943446249758
293,15,0.11574320743325772,0.14990368907681537
294,15,0.09657729220388273,0.12600663071114945
295,15,0.12098317860493447,0.158269148516165
296,15,0.0846997339604854,0.10283333953722866
297,15,0.11672166987564951,0.15071316637538046
298,15,0.16087322894182834,0.19927801642888987
299,15,0.11004360156136576,0.15237640541667347
300,15,0.12284114987594091,0.14885065666016287
301,15,0.12180008550624763,0.1513416872334568
302,15,0.1093220445300178,0.13324341962923483
303,15,0.12422127833839615,0.1543901715259496
304,15,0.10005003977076571,0.12220102624607827
305,15,0.12325661328843711,0.1633017798558851
306,15,0.13330877605014757,0.17029823417931894
307,15,0.12386301912136718,0.15235580451746308
308,15,0.12914633288047253,0.16236910063408563
309,15,0.22665017990943503,0.29745559155287926
310,15,0.18998086841425313,0.24201101581047685
311,15,0.26573990272536574,0.31803405337155516
312,15,0.325815014538028,0.3993768768400506
313,15,0.460988898153254,0.5804775655782317
314,15,0.26739407636212553,0.32621409551657243
315,15,0.20009479352690712,0.2526150988677472
316,15,0.22931490877576247,0.30108217243305
317,15,0.2658506406286668,0.33762195751496327
318,15,0.19202158197199037,0.23471643177990772
319,15,0.26631871721007166,0.34006207831858143
320,15,0.18710975247922856,0.23021983715333977
321,15,0.155079160068582,0.1948228757465217
322,15,0.13541242142603307,0.16436889188705717
323,15,0.16528281393914568,0.2095828435428593
324,15,0.14368462781383298,0.17865480187206018
325,15,0.14642091810664307,0.18944611583804621
326,15,0.23289730026429917,0.2808247396096319
327,15,0.4456486884638895,0.5315529693870524
328,15,0.22894362852907557,0.31602715804617915
329,15,0.1704931193434163,0.21429969960150547
330,15,0.14867564613988557,0.17919835698100653
331,15,0.1489346836237618,0.18629393491700855
332,15,0.3049714848967347,0.38065986898466386
333,15,0.43583137242680187,0.5070830981283331
334,15,0.5979765999750148,0.7048405267964213
335,15,0.615658024485025,0.722207057177505
